Registers:
R0   x0000  0
R1   x0023  35
R2   x0024  36
R3   x25FC  9724
R4   x0000  0
R5   x0000  0
R6   x300C  12300
R7   x0000  0
PC   x3012  12306
IR   xB5F9  -18951
CC   P

Memory:
x3000  0101000000100000  x5020            AND    R0, R0, #0     
x3001  0001000000100111  x1027            ADD    R0, R0, #7     
x3002  0101001001100000  x5260            AND    R1, R1, #0     
x3003  0001001001100101  x1265            ADD    R1, R1, #5     
x3004  0001000000111111  x103F            ADD    R0, R0, #-1    
x3005  0000001111111101  x03FD            BRP    x3003          
x3006  0011001000000010  x3202            ST     R1, x3009      
x3007  1110110000000100  xEC04            LEA    R6, x300C      
x3008  1100000110000000  xC180            JMP    R6             
x3009  0000000000100011  x0023            NOP                   
x300A  0000000000100100  x0024            NOP                   
x300B  0011000000001100  x300C            ST     R0, x3018      
x300C  0000000000100100  x0024            NOP                   
x300D  0001010010100001  x14A1            ADD    R2, R2, #1     
x300E  0111010110111110  x75BE            STR    R2, R6, #-2    
x300F  0111110110111111  x7DBF            STR    R6, R6, #-1    
x3010  1010011111111010  xA7FA            LDI    R3, x300B      
x3011  1011010111111001  xB5F9            STI    R2, x300B      
x3012  0000111111111111  x0FFF            BRNZP  x3012          
